INFO  2014-06-07 23:20:09,708 (Saros.java:256) Starting Saros 13.12.6 running:
  Java Version: 1.8.0_05
  Java Vendor: Oracle Corporation
  Eclipse Runtime Version: 3.9.100.v20131218-1515
  Operating System: Windows 7 (6.1)
  Hardware Architecture: amd64
INFO  2014-06-07 23:20:09,749 (XMPPAccountStore.java:103) loaded 1 accounts
INFO  2014-06-07 23:20:09,771 (PreferenceInitializer.java:53) initializing preference default values
DEBUG 2014-06-07 23:20:09,780 (DataTransferManager.java:444) used transport order for the current XMPP connection: [de.fu_berlin.inf.dpp.net.internal.Socks5Transport@4393593c, de.fu_berlin.inf.dpp.net.internal.IBBTransport@314c8b4a]
DEBUG 2014-06-07 23:20:09,828 (StreamServiceManager.java:225) StreamServices added:
  SendFile
  AudioService
  VideoSharing
DEBUG 2014-06-07 23:20:09,915 (SarosAnnotation.java:112) resetting annotation colors
WARN  2014-06-07 23:20:10,401 (NullSarosSession.java:64) unexpected method call
WARN  2014-06-07 23:20:10,417 (NullSarosSession.java:64) unexpected method call
DEBUG 2014-06-07 23:20:16,683 (SharedDocumentProvider.java:79) SharedDocumentProvider created by Eclipse
WARN  2014-06-07 23:20:19,347 (NullSarosSession.java:64) unexpected method call
WARN  2014-06-07 23:20:19,358 (NullSarosSession.java:64) unexpected method call
DEBUG 2014-06-07 23:20:20,762 (WhiteboardManager.java:108) WhiteboardManager instantiated
DEBUG 2014-06-07 23:20:20,811 (DocumentRecord.java:93) Added Node: attr(140220122078839603) name=svg
DEBUG 2014-06-07 23:20:21,529 (SarosNet.java:423) started Socks5 proxy on port: 7777 [listening on all interfaces]
DEBUG 2014-06-07 23:20:21,571 (SarosNet.java:433) found interface addresses: [192.168.1.91, fe80:0:0:0:155c:48dd:2c11:dd74%eth3]
DEBUG 2014-06-07 23:20:21,642 (SarosNet.java:383)  new connection state == CONNECTING
DEBUG 2014-06-07 23:20:22,460 (StunServiceImpl.java:173) discovered public WAN-IP: 99.101.76.202 through interface 192.168.1.91
DEBUG 2014-06-07 23:20:24,678 (SarosNet.java:383) wekker@saros-con.imp.fu-berlin.de/Saros new connection state == CONNECTED
DEBUG 2014-06-07 23:20:24,679 (DataTransferManager.java:444) used transport order for the current XMPP connection: [de.fu_berlin.inf.dpp.net.internal.Socks5Transport@4393593c, de.fu_berlin.inf.dpp.net.internal.IBBTransport@314c8b4a]
DEBUG 2014-06-07 23:20:24,681 (SkypeManager.java:286) Refreshing Skype username cache...
WARN  2014-06-08 00:50:58,197 (NullSarosSession.java:64) unexpected method call
WARN  2014-06-08 00:50:58,197 (NullSarosSession.java:64) unexpected method call
DEBUG 2014-06-08 00:50:58,353 (SarosNet.java:383) wekker@saros-con.imp.fu-berlin.de/Saros new connection state == DISCONNECTING
DEBUG 2014-06-08 00:50:58,509 (SarosNet.java:383)  new connection state == NOT_CONNECTED
DEBUG 2014-06-08 00:50:58,509 (UPnPServiceImpl.java:295) deleting existing port mappings
