INFO  2014-06-02 20:14:09,185 (Saros.java:256) Starting Saros 13.12.6 running:
  Java Version: 1.8.0_05
  Java Vendor: Oracle Corporation
  Eclipse Runtime Version: 3.9.100.v20131218-1515
  Operating System: Windows 7 (6.1)
  Hardware Architecture: amd64
INFO  2014-06-02 20:14:09,211 (XMPPAccountStore.java:103) loaded 0 accounts
INFO  2014-06-02 20:14:09,238 (PreferenceInitializer.java:53) initializing preference default values
DEBUG 2014-06-02 20:14:09,252 (DataTransferManager.java:444) used transport order for the current XMPP connection: [de.fu_berlin.inf.dpp.net.internal.Socks5Transport@5109e8cf, de.fu_berlin.inf.dpp.net.internal.IBBTransport@3f672204]
DEBUG 2014-06-02 20:14:09,368 (StreamServiceManager.java:225) StreamServices added:
  SendFile
  AudioService
  VideoSharing
DEBUG 2014-06-02 20:14:09,495 (SarosAnnotation.java:112) resetting annotation colors
DEBUG 2014-06-02 20:14:09,533 (Saros.java:296) autogenerated favorite color id is: 2
WARN  2014-06-02 20:14:09,740 (NullSarosSession.java:64) unexpected method call
WARN  2014-06-02 20:14:09,741 (NullSarosSession.java:64) unexpected method call
DEBUG 2014-06-02 20:14:11,693 (SharedDocumentProvider.java:79) SharedDocumentProvider created by Eclipse
WARN  2014-06-02 20:14:12,908 (NullSarosSession.java:64) unexpected method call
WARN  2014-06-02 20:14:12,913 (NullSarosSession.java:64) unexpected method call
DEBUG 2014-06-02 20:14:13,347 (WhiteboardManager.java:108) WhiteboardManager instantiated
DEBUG 2014-06-02 20:14:13,403 (DocumentRecord.java:93) Added Node: attr(140175805339983772) name=svg
INFO  2014-06-02 20:14:48,001 (XMPPAccountStore.java:161) saved 1 accounts
DEBUG 2014-06-02 20:14:48,372 (SarosNet.java:423) started Socks5 proxy on port: 7777 [listening on all interfaces]
DEBUG 2014-06-02 20:14:48,415 (SarosNet.java:433) found interface addresses: [192.168.1.91, fe80:0:0:0:155c:48dd:2c11:dd74%eth3]
DEBUG 2014-06-02 20:14:48,464 (SarosNet.java:383)  new connection state == CONNECTING
DEBUG 2014-06-02 20:14:48,628 (StunServiceImpl.java:173) discovered public WAN-IP: 99.101.76.202 through interface 192.168.1.91
ERROR 2014-06-02 20:14:57,663 (SarosNet.java:385)  new connection state == ERROR
SASL authentication DIGEST-MD5 failed: not-authorized: 
	at org.jivesoftware.smack.SASLAuthentication.authenticate(SASLAuthentication.java:342)
	at org.jivesoftware.smack.XMPPConnection.login(XMPPConnection.java:243)
	at de.fu_berlin.inf.dpp.net.SarosNet.connect(SarosNet.java:261)
	at de.fu_berlin.inf.dpp.Saros.connect(Saros.java:660)
	at de.fu_berlin.inf.dpp.Saros$2.run(Saros.java:600)
	at de.fu_berlin.inf.dpp.util.Utils$2.run(Utils.java:175)
	at java.lang.Thread.run(Unknown Source)
DEBUG 2014-06-02 20:14:57,841 (SarosNet.java:383)  new connection state == NOT_CONNECTED
INFO  2014-06-02 20:15:32,141 (XMPPAccountStore.java:161) saved 1 accounts
DEBUG 2014-06-02 20:15:59,935 (CreateXMPPAccountWizard.java:129) Account creation succeeded: username=wekker, server=saros-con.imp.fu-berlin.de
INFO  2014-06-02 20:15:59,944 (XMPPAccountStore.java:161) saved 2 accounts
INFO  2014-06-02 20:15:59,947 (XMPPAccountStore.java:161) saved 2 accounts
DEBUG 2014-06-02 20:15:59,956 (SarosNet.java:423) started Socks5 proxy on port: 7777 [listening on all interfaces]
DEBUG 2014-06-02 20:16:00,006 (SarosNet.java:433) found interface addresses: [192.168.1.91, fe80:0:0:0:155c:48dd:2c11:dd74%eth3]
DEBUG 2014-06-02 20:16:00,007 (SarosNet.java:383)  new connection state == CONNECTING
DEBUG 2014-06-02 20:16:00,286 (StunServiceImpl.java:173) discovered public WAN-IP: 99.101.76.202 through interface 192.168.1.91
DEBUG 2014-06-02 20:16:29,099 (SarosNet.java:383) wekker@saros-con.imp.fu-berlin.de/Saros new connection state == CONNECTED
DEBUG 2014-06-02 20:16:29,100 (DataTransferManager.java:444) used transport order for the current XMPP connection: [de.fu_berlin.inf.dpp.net.internal.Socks5Transport@5109e8cf, de.fu_berlin.inf.dpp.net.internal.IBBTransport@3f672204]
DEBUG 2014-06-02 20:16:29,103 (SkypeManager.java:286) Refreshing Skype username cache...
INFO  2014-06-02 20:16:30,456 (SingleUserChatService.java:84) chat created between wekker@saros-con.imp.fu-berlin.de/Saros <->saros-con.imp.fu-berlin.de, created local: false
INFO  2014-06-02 20:16:43,737 (XMPPAccountStore.java:161) saved 1 accounts
WARN  2014-06-02 23:52:59,856 (NullSarosSession.java:64) unexpected method call
WARN  2014-06-02 23:52:59,857 (NullSarosSession.java:64) unexpected method call
