INFO  2014-06-18 00:28:56,185 (Saros.java:256) Starting Saros 13.12.6 running:
  Java Version: 1.8.0_05
  Java Vendor: Oracle Corporation
  Eclipse Runtime Version: 3.9.100.v20131218-1515
  Operating System: Windows 7 (6.1)
  Hardware Architecture: amd64
INFO  2014-06-18 00:28:56,208 (XMPPAccountStore.java:103) loaded 1 accounts
INFO  2014-06-18 00:28:56,227 (PreferenceInitializer.java:53) initializing preference default values
DEBUG 2014-06-18 00:28:56,235 (DataTransferManager.java:444) used transport order for the current XMPP connection: [de.fu_berlin.inf.dpp.net.internal.Socks5Transport@76c52298, de.fu_berlin.inf.dpp.net.internal.IBBTransport@bb9ab64]
DEBUG 2014-06-18 00:28:56,258 (StreamServiceManager.java:225) StreamServices added:
  SendFile
  AudioService
  VideoSharing
DEBUG 2014-06-18 00:28:56,297 (SarosAnnotation.java:112) resetting annotation colors
WARN  2014-06-18 00:28:56,469 (NullSarosSession.java:64) unexpected method call
WARN  2014-06-18 00:28:56,473 (NullSarosSession.java:64) unexpected method call
DEBUG 2014-06-18 00:28:58,156 (SharedDocumentProvider.java:79) SharedDocumentProvider created by Eclipse
WARN  2014-06-18 00:29:00,374 (NullSarosSession.java:64) unexpected method call
WARN  2014-06-18 00:29:00,379 (NullSarosSession.java:64) unexpected method call
DEBUG 2014-06-18 00:29:01,165 (WhiteboardManager.java:108) WhiteboardManager instantiated
DEBUG 2014-06-18 00:29:01,309 (DocumentRecord.java:93) Added Node: attr(140306934130681530) name=svg
DEBUG 2014-06-18 00:29:01,696 (SarosNet.java:423) started Socks5 proxy on port: 7777 [listening on all interfaces]
DEBUG 2014-06-18 00:29:01,732 (SarosNet.java:433) found interface addresses: [192.168.1.91, fe80:0:0:0:155c:48dd:2c11:dd74%eth3]
DEBUG 2014-06-18 00:29:01,737 (SarosNet.java:383)  new connection state == CONNECTING
DEBUG 2014-06-18 00:29:04,006 (StunServiceImpl.java:173) discovered public WAN-IP: 99.101.76.202 through interface 192.168.1.91
DEBUG 2014-06-18 00:29:04,821 (SarosNet.java:383) wekker@saros-con.imp.fu-berlin.de/Saros new connection state == CONNECTED
DEBUG 2014-06-18 00:29:04,822 (DataTransferManager.java:444) used transport order for the current XMPP connection: [de.fu_berlin.inf.dpp.net.internal.Socks5Transport@76c52298, de.fu_berlin.inf.dpp.net.internal.IBBTransport@bb9ab64]
DEBUG 2014-06-18 00:29:04,823 (SkypeManager.java:286) Refreshing Skype username cache...
