INFO  2014-06-03 15:30:50,922 (Saros.java:256) Starting Saros 13.12.6 running:
  Java Version: 1.8.0_05
  Java Vendor: Oracle Corporation
  Eclipse Runtime Version: 3.9.100.v20131218-1515
  Operating System: Windows 7 (6.1)
  Hardware Architecture: amd64
INFO  2014-06-03 15:30:50,978 (XMPPAccountStore.java:103) loaded 1 accounts
INFO  2014-06-03 15:30:50,999 (PreferenceInitializer.java:53) initializing preference default values
DEBUG 2014-06-03 15:30:51,025 (DataTransferManager.java:444) used transport order for the current XMPP connection: [de.fu_berlin.inf.dpp.net.internal.Socks5Transport@26d820eb, de.fu_berlin.inf.dpp.net.internal.IBBTransport@507d20bb]
DEBUG 2014-06-03 15:30:51,067 (StreamServiceManager.java:225) StreamServices added:
  SendFile
  AudioService
  VideoSharing
DEBUG 2014-06-03 15:30:51,110 (SarosAnnotation.java:112) resetting annotation colors
WARN  2014-06-03 15:30:51,393 (NullSarosSession.java:64) unexpected method call
WARN  2014-06-03 15:30:51,404 (NullSarosSession.java:64) unexpected method call
DEBUG 2014-06-03 15:30:53,651 (SharedDocumentProvider.java:79) SharedDocumentProvider created by Eclipse
WARN  2014-06-03 15:30:55,437 (NullSarosSession.java:64) unexpected method call
WARN  2014-06-03 15:30:55,442 (NullSarosSession.java:64) unexpected method call
DEBUG 2014-06-03 15:30:56,216 (WhiteboardManager.java:108) WhiteboardManager instantiated
DEBUG 2014-06-03 15:30:56,261 (DocumentRecord.java:93) Added Node: attr(140182745625936986) name=svg
DEBUG 2014-06-03 15:30:56,935 (SarosNet.java:423) started Socks5 proxy on port: 7777 [listening on all interfaces]
DEBUG 2014-06-03 15:30:56,977 (SarosNet.java:433) found interface addresses: [192.168.1.91, fe80:0:0:0:155c:48dd:2c11:dd74%eth3]
DEBUG 2014-06-03 15:30:57,011 (SarosNet.java:383)  new connection state == CONNECTING
DEBUG 2014-06-03 15:30:57,245 (StunServiceImpl.java:173) discovered public WAN-IP: 99.101.76.202 through interface 192.168.1.91
DEBUG 2014-06-03 15:31:00,100 (SarosNet.java:383) wekker@saros-con.imp.fu-berlin.de/Saros new connection state == CONNECTED
DEBUG 2014-06-03 15:31:00,101 (DataTransferManager.java:444) used transport order for the current XMPP connection: [de.fu_berlin.inf.dpp.net.internal.Socks5Transport@26d820eb, de.fu_berlin.inf.dpp.net.internal.IBBTransport@507d20bb]
DEBUG 2014-06-03 15:31:00,102 (SkypeManager.java:286) Refreshing Skype username cache...
WARN  2014-06-03 19:24:35,758 (NullSarosSession.java:64) unexpected method call
WARN  2014-06-03 19:24:35,763 (NullSarosSession.java:64) unexpected method call
DEBUG 2014-06-03 19:24:35,887 (SarosNet.java:383) wekker@saros-con.imp.fu-berlin.de/Saros new connection state == DISCONNECTING
DEBUG 2014-06-03 19:24:36,050 (SarosNet.java:383)  new connection state == NOT_CONNECTED
DEBUG 2014-06-03 19:24:36,050 (UPnPServiceImpl.java:295) deleting existing port mappings
