INFO  2014-06-17 22:52:29,410 (Saros.java:256) Starting Saros 13.12.6 running:
  Java Version: 1.8.0_05
  Java Vendor: Oracle Corporation
  Eclipse Runtime Version: 3.9.100.v20131218-1515
  Operating System: Windows 7 (6.1)
  Hardware Architecture: amd64
INFO  2014-06-17 22:52:29,432 (XMPPAccountStore.java:103) loaded 1 accounts
INFO  2014-06-17 22:52:29,449 (PreferenceInitializer.java:53) initializing preference default values
DEBUG 2014-06-17 22:52:29,454 (DataTransferManager.java:444) used transport order for the current XMPP connection: [de.fu_berlin.inf.dpp.net.internal.Socks5Transport@bb9ab64, de.fu_berlin.inf.dpp.net.internal.IBBTransport@a52ca2e]
DEBUG 2014-06-17 22:52:29,481 (StreamServiceManager.java:225) StreamServices added:
  SendFile
  AudioService
  VideoSharing
DEBUG 2014-06-17 22:52:29,514 (SarosAnnotation.java:112) resetting annotation colors
WARN  2014-06-17 22:52:29,659 (NullSarosSession.java:64) unexpected method call
WARN  2014-06-17 22:52:29,663 (NullSarosSession.java:64) unexpected method call
DEBUG 2014-06-17 22:52:31,065 (SharedDocumentProvider.java:79) SharedDocumentProvider created by Eclipse
WARN  2014-06-17 22:52:32,783 (NullSarosSession.java:64) unexpected method call
WARN  2014-06-17 22:52:32,788 (NullSarosSession.java:64) unexpected method call
DEBUG 2014-06-17 22:52:33,746 (WhiteboardManager.java:108) WhiteboardManager instantiated
DEBUG 2014-06-17 22:52:33,825 (DocumentRecord.java:93) Added Node: attr(1403063553823137) name=svg
DEBUG 2014-06-17 22:52:34,075 (SarosNet.java:423) started Socks5 proxy on port: 7777 [listening on all interfaces]
DEBUG 2014-06-17 22:52:34,109 (SarosNet.java:433) found interface addresses: [192.168.1.91, fe80:0:0:0:155c:48dd:2c11:dd74%eth3]
DEBUG 2014-06-17 22:52:34,113 (SarosNet.java:383)  new connection state == CONNECTING
DEBUG 2014-06-17 22:52:34,334 (StunServiceImpl.java:173) discovered public WAN-IP: 99.101.76.202 through interface 192.168.1.91
DEBUG 2014-06-17 22:52:36,373 (SarosNet.java:383) wekker@saros-con.imp.fu-berlin.de/Saros new connection state == CONNECTED
DEBUG 2014-06-17 22:52:36,373 (DataTransferManager.java:444) used transport order for the current XMPP connection: [de.fu_berlin.inf.dpp.net.internal.Socks5Transport@bb9ab64, de.fu_berlin.inf.dpp.net.internal.IBBTransport@a52ca2e]
DEBUG 2014-06-17 22:52:36,374 (SkypeManager.java:286) Refreshing Skype username cache...
WARN  2014-06-17 22:52:40,245 (NullSarosSession.java:64) unexpected method call
WARN  2014-06-17 22:52:40,247 (NullSarosSession.java:64) unexpected method call
DEBUG 2014-06-17 22:52:40,350 (SarosNet.java:383) wekker@saros-con.imp.fu-berlin.de/Saros new connection state == DISCONNECTING
DEBUG 2014-06-17 22:52:40,503 (SarosNet.java:383)  new connection state == NOT_CONNECTED
DEBUG 2014-06-17 22:52:40,506 (UPnPServiceImpl.java:295) deleting existing port mappings
