INFO  2014-06-17 22:26:11,706 (Saros.java:256) Starting Saros 13.12.6 running:
  Java Version: 1.8.0_05
  Java Vendor: Oracle Corporation
  Eclipse Runtime Version: 3.9.100.v20131218-1515
  Operating System: Windows 7 (6.1)
  Hardware Architecture: amd64
INFO  2014-06-17 22:26:11,729 (XMPPAccountStore.java:103) loaded 1 accounts
INFO  2014-06-17 22:26:11,747 (PreferenceInitializer.java:53) initializing preference default values
DEBUG 2014-06-17 22:26:11,752 (DataTransferManager.java:444) used transport order for the current XMPP connection: [de.fu_berlin.inf.dpp.net.internal.Socks5Transport@70f31322, de.fu_berlin.inf.dpp.net.internal.IBBTransport@3f1ddac2]
DEBUG 2014-06-17 22:26:11,772 (StreamServiceManager.java:225) StreamServices added:
  SendFile
  AudioService
  VideoSharing
DEBUG 2014-06-17 22:26:11,805 (SarosAnnotation.java:112) resetting annotation colors
WARN  2014-06-17 22:26:11,967 (NullSarosSession.java:64) unexpected method call
WARN  2014-06-17 22:26:11,971 (NullSarosSession.java:64) unexpected method call
DEBUG 2014-06-17 22:26:13,428 (SharedDocumentProvider.java:79) SharedDocumentProvider created by Eclipse
WARN  2014-06-17 22:26:15,070 (NullSarosSession.java:64) unexpected method call
WARN  2014-06-17 22:26:15,074 (NullSarosSession.java:64) unexpected method call
DEBUG 2014-06-17 22:26:16,165 (WhiteboardManager.java:108) WhiteboardManager instantiated
DEBUG 2014-06-17 22:26:16,200 (DocumentRecord.java:93) Added Node: attr(140306197619928015) name=svg
DEBUG 2014-06-17 22:26:16,478 (SarosNet.java:423) started Socks5 proxy on port: 7777 [listening on all interfaces]
DEBUG 2014-06-17 22:26:16,513 (SarosNet.java:433) found interface addresses: [192.168.1.91, fe80:0:0:0:155c:48dd:2c11:dd74%eth3]
DEBUG 2014-06-17 22:26:16,518 (SarosNet.java:383)  new connection state == CONNECTING
DEBUG 2014-06-17 22:26:16,797 (StunServiceImpl.java:173) discovered public WAN-IP: 99.101.76.202 through interface 192.168.1.91
DEBUG 2014-06-17 22:26:19,075 (SarosNet.java:383) wekker@saros-con.imp.fu-berlin.de/Saros new connection state == CONNECTED
DEBUG 2014-06-17 22:26:19,076 (DataTransferManager.java:444) used transport order for the current XMPP connection: [de.fu_berlin.inf.dpp.net.internal.Socks5Transport@70f31322, de.fu_berlin.inf.dpp.net.internal.IBBTransport@3f1ddac2]
DEBUG 2014-06-17 22:26:19,078 (SkypeManager.java:286) Refreshing Skype username cache...
WARN  2014-06-17 22:27:19,656 (NullSarosSession.java:64) unexpected method call
WARN  2014-06-17 22:27:19,662 (NullSarosSession.java:64) unexpected method call
DEBUG 2014-06-17 22:27:19,772 (SarosNet.java:383) wekker@saros-con.imp.fu-berlin.de/Saros new connection state == DISCONNECTING
DEBUG 2014-06-17 22:27:19,927 (SarosNet.java:383)  new connection state == NOT_CONNECTED
DEBUG 2014-06-17 22:27:19,930 (UPnPServiceImpl.java:295) deleting existing port mappings
