INFO  2014-06-17 22:42:07,541 (Saros.java:256) Starting Saros 13.12.6 running:
  Java Version: 1.8.0_05
  Java Vendor: Oracle Corporation
  Eclipse Runtime Version: 3.9.100.v20131218-1515
  Operating System: Windows 7 (6.1)
  Hardware Architecture: amd64
INFO  2014-06-17 22:42:07,565 (XMPPAccountStore.java:103) loaded 1 accounts
INFO  2014-06-17 22:42:07,586 (PreferenceInitializer.java:53) initializing preference default values
DEBUG 2014-06-17 22:42:07,591 (DataTransferManager.java:444) used transport order for the current XMPP connection: [de.fu_berlin.inf.dpp.net.internal.Socks5Transport@7318daf8, de.fu_berlin.inf.dpp.net.internal.IBBTransport@70f31322]
DEBUG 2014-06-17 22:42:07,612 (StreamServiceManager.java:225) StreamServices added:
  SendFile
  AudioService
  VideoSharing
DEBUG 2014-06-17 22:42:07,647 (SarosAnnotation.java:112) resetting annotation colors
WARN  2014-06-17 22:42:07,801 (NullSarosSession.java:64) unexpected method call
WARN  2014-06-17 22:42:07,805 (NullSarosSession.java:64) unexpected method call
DEBUG 2014-06-17 22:42:09,367 (SharedDocumentProvider.java:79) SharedDocumentProvider created by Eclipse
WARN  2014-06-17 22:42:11,128 (NullSarosSession.java:64) unexpected method call
WARN  2014-06-17 22:42:11,132 (NullSarosSession.java:64) unexpected method call
DEBUG 2014-06-17 22:42:11,879 (WhiteboardManager.java:108) WhiteboardManager instantiated
DEBUG 2014-06-17 22:42:11,930 (DocumentRecord.java:93) Added Node: attr(140306293192784637) name=svg
DEBUG 2014-06-17 22:42:12,281 (SarosNet.java:423) started Socks5 proxy on port: 7777 [listening on all interfaces]
DEBUG 2014-06-17 22:42:12,318 (SarosNet.java:433) found interface addresses: [192.168.1.91, fe80:0:0:0:155c:48dd:2c11:dd74%eth3]
DEBUG 2014-06-17 22:42:12,323 (SarosNet.java:383)  new connection state == CONNECTING
DEBUG 2014-06-17 22:42:13,412 (StunServiceImpl.java:173) discovered public WAN-IP: 99.101.76.202 through interface 192.168.1.91
DEBUG 2014-06-17 22:42:14,602 (SarosNet.java:383) wekker@saros-con.imp.fu-berlin.de/Saros new connection state == CONNECTED
DEBUG 2014-06-17 22:42:14,603 (DataTransferManager.java:444) used transport order for the current XMPP connection: [de.fu_berlin.inf.dpp.net.internal.Socks5Transport@7318daf8, de.fu_berlin.inf.dpp.net.internal.IBBTransport@70f31322]
DEBUG 2014-06-17 22:42:14,604 (SkypeManager.java:286) Refreshing Skype username cache...
WARN  2014-06-17 22:51:28,411 (NullSarosSession.java:64) unexpected method call
WARN  2014-06-17 22:51:28,414 (NullSarosSession.java:64) unexpected method call
DEBUG 2014-06-17 22:51:28,547 (SarosNet.java:383) wekker@saros-con.imp.fu-berlin.de/Saros new connection state == DISCONNECTING
DEBUG 2014-06-17 22:51:28,706 (SarosNet.java:383)  new connection state == NOT_CONNECTED
DEBUG 2014-06-17 22:51:28,707 (UPnPServiceImpl.java:295) deleting existing port mappings
